[0.007s] Invoking command in '/home/blazar/rover_ws/build/control': CMAKE_PREFIX_PATH=${CMAKE_PREFIX_PATH}:/home/blazar/workspace/rockytimes_ws/install/localisation:/opt/ros/jazzy DEBUGINFOD_URLS=https://debuginfod.ubuntu.com VIRTUAL_ENV_PROMPT=(karin_ws) /usr/bin/cmake /home/blazar/rover_ws/src/control -DAMENT_CMAKE_SYMLINK_INSTALL=1 -DCMAKE_INSTALL_PREFIX=/home/blazar/rover_ws/install/control
[0.016s] -- Found ament_cmake: 2.5.4 (/opt/ros/jazzy/share/ament_cmake/cmake)
[0.134s] -- Override CMake install command with custom implementation using symlinks instead of copying resources
[0.139s] -- Found rclcpp: 28.1.10 (/opt/ros/jazzy/share/rclcpp/cmake)
[0.159s] -- Found rosidl_generator_c: 4.6.5 (/opt/ros/jazzy/share/rosidl_generator_c/cmake)
[0.165s] -- Found rosidl_generator_cpp: 4.6.5 (/opt/ros/jazzy/share/rosidl_generator_cpp/cmake)
[0.171s] -- Using all available rosidl_typesupport_c: rosidl_typesupport_fastrtps_c;rosidl_typesupport_introspection_c
[0.180s] -- Using all available rosidl_typesupport_cpp: rosidl_typesupport_fastrtps_cpp;rosidl_typesupport_introspection_cpp
[0.218s] -- Found rmw_implementation_cmake: 7.3.2 (/opt/ros/jazzy/share/rmw_implementation_cmake/cmake)
[0.219s] -- Found rmw_fastrtps_cpp: 8.4.2 (/opt/ros/jazzy/share/rmw_fastrtps_cpp/cmake)
[0.262s] -- Using RMW implementation 'rmw_fastrtps_cpp' as default
[0.301s] -- Found std_msgs: 5.3.6 (/opt/ros/jazzy/share/std_msgs/cmake)
[0.309s] -- Found geometry_msgs: 5.3.6 (/opt/ros/jazzy/share/geometry_msgs/cmake)
[0.318s] -- Found px4_msgs: 2.0.1 (/home/blazar/px4_msgs_ws/install/px4_msgs/share/px4_msgs/cmake)
[0.329s] -- Found ament_lint_auto: 0.17.2 (/opt/ros/jazzy/share/ament_lint_auto/cmake)
[0.425s] -- Configuring done (0.4s)
[0.429s] -- Generating done (0.0s)
[0.430s] -- Build files have been written to: /home/blazar/rover_ws/build/control
[0.436s] Invoked command in '/home/blazar/rover_ws/build/control' returned '0': CMAKE_PREFIX_PATH=${CMAKE_PREFIX_PATH}:/home/blazar/workspace/rockytimes_ws/install/localisation:/opt/ros/jazzy DEBUGINFOD_URLS=https://debuginfod.ubuntu.com VIRTUAL_ENV_PROMPT=(karin_ws) /usr/bin/cmake /home/blazar/rover_ws/src/control -DAMENT_CMAKE_SYMLINK_INSTALL=1 -DCMAKE_INSTALL_PREFIX=/home/blazar/rover_ws/install/control
[0.436s] Invoking command in '/home/blazar/rover_ws/build/control': CMAKE_PREFIX_PATH=${CMAKE_PREFIX_PATH}:/home/blazar/workspace/rockytimes_ws/install/localisation:/opt/ros/jazzy DEBUGINFOD_URLS=https://debuginfod.ubuntu.com VIRTUAL_ENV_PROMPT=(karin_ws) /usr/bin/cmake --build /home/blazar/rover_ws/build/control -- -j16 -l16
[0.470s] Invoked command in '/home/blazar/rover_ws/build/control' returned '0': CMAKE_PREFIX_PATH=${CMAKE_PREFIX_PATH}:/home/blazar/workspace/rockytimes_ws/install/localisation:/opt/ros/jazzy DEBUGINFOD_URLS=https://debuginfod.ubuntu.com VIRTUAL_ENV_PROMPT=(karin_ws) /usr/bin/cmake --build /home/blazar/rover_ws/build/control -- -j16 -l16
[0.477s] Invoking command in '/home/blazar/rover_ws/build/control': CMAKE_PREFIX_PATH=${CMAKE_PREFIX_PATH}:/home/blazar/workspace/rockytimes_ws/install/localisation:/opt/ros/jazzy DEBUGINFOD_URLS=https://debuginfod.ubuntu.com VIRTUAL_ENV_PROMPT=(karin_ws) /usr/bin/cmake --install /home/blazar/rover_ws/build/control
[0.484s] -- Install configuration: ""
[0.484s] -- Execute custom install script
[0.484s] -- Up-to-date symlink: /home/blazar/rover_ws/install/control/lib/control/position_controller.py
[0.485s] -- Up-to-date symlink: /home/blazar/rover_ws/install/control/lib/control/field.py
[0.485s] -- Up-to-date symlink: /home/blazar/rover_ws/install/control/lib/control/teleop.py
[0.485s] -- Up-to-date symlink: /home/blazar/rover_ws/install/control/lib/control/rover_pos_feedback.py
[0.485s] -- Up-to-date symlink: /home/blazar/rover_ws/install/control/lib/control/rover_monitor.py
[0.485s] -- Up-to-date symlink: /home/blazar/rover_ws/install/control/lib/control/temp_query.py
[0.485s] -- Up-to-date symlink: /home/blazar/rover_ws/install/control/share/control//launch/rover_bringup.launch.py
[0.485s] -- Up-to-date symlink: /home/blazar/rover_ws/install/control/share/control//config/rover_viz.rviz
[0.485s] -- Up-to-date symlink: /home/blazar/rover_ws/install/control/share/control//urdf/r1_rover.urdf
[0.486s] -- Up-to-date symlink: /home/blazar/rover_ws/install/control/share/ament_index/resource_index/package_run_dependencies/control
[0.486s] -- Up-to-date symlink: /home/blazar/rover_ws/install/control/share/ament_index/resource_index/parent_prefix_path/control
[0.486s] -- Up-to-date symlink: /home/blazar/rover_ws/install/control/share/control/environment/ament_prefix_path.sh
[0.486s] -- Up-to-date symlink: /home/blazar/rover_ws/install/control/share/control/environment/ament_prefix_path.dsv
[0.486s] -- Up-to-date symlink: /home/blazar/rover_ws/install/control/share/control/environment/path.sh
[0.486s] -- Up-to-date symlink: /home/blazar/rover_ws/install/control/share/control/environment/path.dsv
[0.486s] -- Up-to-date symlink: /home/blazar/rover_ws/install/control/share/control/local_setup.bash
[0.486s] -- Up-to-date symlink: /home/blazar/rover_ws/install/control/share/control/local_setup.sh
[0.486s] -- Up-to-date symlink: /home/blazar/rover_ws/install/control/share/control/local_setup.zsh
[0.486s] -- Up-to-date symlink: /home/blazar/rover_ws/install/control/share/control/local_setup.dsv
[0.487s] -- Symlinking: /home/blazar/rover_ws/install/control/share/control/package.dsv
[0.493s] -- Up-to-date symlink: /home/blazar/rover_ws/install/control/share/ament_index/resource_index/packages/control
[0.493s] -- Up-to-date symlink: /home/blazar/rover_ws/install/control/share/control/cmake/controlConfig.cmake
[0.494s] -- Up-to-date symlink: /home/blazar/rover_ws/install/control/share/control/cmake/controlConfig-version.cmake
[0.494s] -- Up-to-date symlink: /home/blazar/rover_ws/install/control/share/control/package.xml
[0.495s] Invoked command in '/home/blazar/rover_ws/build/control' returned '0': CMAKE_PREFIX_PATH=${CMAKE_PREFIX_PATH}:/home/blazar/workspace/rockytimes_ws/install/localisation:/opt/ros/jazzy DEBUGINFOD_URLS=https://debuginfod.ubuntu.com VIRTUAL_ENV_PROMPT=(karin_ws) /usr/bin/cmake --install /home/blazar/rover_ws/build/control
