[0.007s] Invoking command in '/home/blazar/rover_ws/build/control': CMAKE_PREFIX_PATH=${CMAKE_PREFIX_PATH}:/home/blazar/workspace/rockytimes_ws/install/localisation:/opt/ros/jazzy DEBUGINFOD_URLS=https://debuginfod.ubuntu.com PS1=(karin_ws) (karin_ws) (karin_ws) (karin_ws) (karin_ws) (karin_ws) VIRTUAL_ENV_PROMPT=(karin_ws) /usr/bin/cmake /home/blazar/rover_ws/src/control -DAMENT_CMAKE_SYMLINK_INSTALL=1 -DCMAKE_INSTALL_PREFIX=/home/blazar/rover_ws/install/control
[0.018s] -- Found ament_cmake: 2.5.4 (/opt/ros/jazzy/share/ament_cmake/cmake)
[0.146s] -- Override CMake install command with custom implementation using symlinks instead of copying resources
[0.151s] -- Found rclcpp: 28.1.10 (/opt/ros/jazzy/share/rclcpp/cmake)
[0.170s] -- Found rosidl_generator_c: 4.6.5 (/opt/ros/jazzy/share/rosidl_generator_c/cmake)
[0.176s] -- Found rosidl_generator_cpp: 4.6.5 (/opt/ros/jazzy/share/rosidl_generator_cpp/cmake)
[0.183s] -- Using all available rosidl_typesupport_c: rosidl_typesupport_fastrtps_c;rosidl_typesupport_introspection_c
[0.192s] -- Using all available rosidl_typesupport_cpp: rosidl_typesupport_fastrtps_cpp;rosidl_typesupport_introspection_cpp
[0.235s] -- Found rmw_implementation_cmake: 7.3.2 (/opt/ros/jazzy/share/rmw_implementation_cmake/cmake)
[0.236s] -- Found rmw_fastrtps_cpp: 8.4.2 (/opt/ros/jazzy/share/rmw_fastrtps_cpp/cmake)
[0.283s] -- Using RMW implementation 'rmw_fastrtps_cpp' as default
[0.329s] -- Found std_msgs: 5.3.6 (/opt/ros/jazzy/share/std_msgs/cmake)
[0.339s] -- Found geometry_msgs: 5.3.6 (/opt/ros/jazzy/share/geometry_msgs/cmake)
[0.361s] CMake Error at CMakeLists.txt:13 (find_package):
[0.361s]   By not providing "Findpx4_msgs.cmake" in CMAKE_MODULE_PATH this project has
[0.361s]   asked CMake to find a package configuration file provided by "px4_msgs",
[0.361s]   but CMake did not find one.
[0.361s] 
[0.361s]   Could not find a package configuration file provided by "px4_msgs" with any
[0.361s]   of the following names:
[0.362s] 
[0.362s]     px4_msgsConfig.cmake
[0.362s]     px4_msgs-config.cmake
[0.362s] 
[0.362s]   Add the installation prefix of "px4_msgs" to CMAKE_PREFIX_PATH or set
[0.362s]   "px4_msgs_DIR" to a directory containing one of the above files.  If
[0.362s]   "px4_msgs" provides a separate development package or SDK, be sure it has
[0.362s]   been installed.
[0.362s] 
[0.362s] 
[0.362s] -- Configuring incomplete, errors occurred!
[0.367s] Invoked command in '/home/blazar/rover_ws/build/control' returned '1': CMAKE_PREFIX_PATH=${CMAKE_PREFIX_PATH}:/home/blazar/workspace/rockytimes_ws/install/localisation:/opt/ros/jazzy DEBUGINFOD_URLS=https://debuginfod.ubuntu.com PS1=(karin_ws) (karin_ws) (karin_ws) (karin_ws) (karin_ws) (karin_ws) VIRTUAL_ENV_PROMPT=(karin_ws) /usr/bin/cmake /home/blazar/rover_ws/src/control -DAMENT_CMAKE_SYMLINK_INSTALL=1 -DCMAKE_INSTALL_PREFIX=/home/blazar/rover_ws/install/control
