[0.007s] Invoking command in '/home/blazar/rover_ws/build/control': CMAKE_PREFIX_PATH=${CMAKE_PREFIX_PATH}:/home/blazar/workspace/rockytimes_ws/install/localisation:/opt/ros/jazzy DEBUGINFOD_URLS=https://debuginfod.ubuntu.com PS1=(karin_ws) (karin_ws) (karin_ws) (karin_ws) (karin_ws) (karin_ws) VIRTUAL_ENV_PROMPT=(karin_ws) /usr/bin/cmake /home/blazar/rover_ws/src/control -DAMENT_CMAKE_SYMLINK_INSTALL=1 -DCMAKE_INSTALL_PREFIX=/home/blazar/rover_ws/install/control
[0.049s] -- The C compiler identification is GNU 11.5.0
[0.090s] -- The CXX compiler identification is GNU 11.5.0
[0.102s] -- Detecting C compiler ABI info
[0.170s] -- Detecting C compiler ABI info - done
[0.177s] -- Check for working C compiler: /usr/bin/cc - skipped
[0.177s] -- Detecting C compile features
[0.177s] -- Detecting C compile features - done
[0.184s] -- Detecting CXX compiler ABI info
[0.260s] -- Detecting CXX compiler ABI info - done
[0.267s] -- Check for working CXX compiler: /usr/bin/c++ - skipped
[0.267s] -- Detecting CXX compile features
[0.267s] -- Detecting CXX compile features - done
[0.271s] -- Found ament_cmake: 2.5.4 (/opt/ros/jazzy/share/ament_cmake/cmake)
[0.355s] -- Found Python3: /home/blazar/envs/karin_ws/bin/python3 (found version "3.12.3") found components: Interpreter 
[0.403s] -- Override CMake install command with custom implementation using symlinks instead of copying resources
[0.454s] -- Found rclcpp: 28.1.10 (/opt/ros/jazzy/share/rclcpp/cmake)
[0.502s] -- Found rosidl_generator_c: 4.6.5 (/opt/ros/jazzy/share/rosidl_generator_c/cmake)
[0.517s] -- Found rosidl_generator_cpp: 4.6.5 (/opt/ros/jazzy/share/rosidl_generator_cpp/cmake)
[0.534s] -- Using all available rosidl_typesupport_c: rosidl_typesupport_fastrtps_c;rosidl_typesupport_introspection_c
[0.551s] -- Using all available rosidl_typesupport_cpp: rosidl_typesupport_fastrtps_cpp;rosidl_typesupport_introspection_cpp
[0.626s] -- Found rmw_implementation_cmake: 7.3.2 (/opt/ros/jazzy/share/rmw_implementation_cmake/cmake)
[0.629s] -- Found rmw_fastrtps_cpp: 8.4.2 (/opt/ros/jazzy/share/rmw_fastrtps_cpp/cmake)
[0.709s] -- Found OpenSSL: /usr/lib/x86_64-linux-gnu/libcrypto.so (found version "3.0.13")  
[0.725s] -- Found FastRTPS: /opt/ros/jazzy/include (Required is at least version "2.13") 
[0.743s] -- Using RMW implementation 'rmw_fastrtps_cpp' as default
[0.811s] -- Found std_msgs: 5.3.6 (/opt/ros/jazzy/share/std_msgs/cmake)
[0.824s] -- Found geometry_msgs: 5.3.6 (/opt/ros/jazzy/share/geometry_msgs/cmake)
[0.835s] -- Found px4_msgs: 2.0.1 (/home/blazar/workspace/rockytimes_ws/install/px4_msgs/share/px4_msgs/cmake)
[0.850s] -- Found ament_lint_auto: 0.17.2 (/opt/ros/jazzy/share/ament_lint_auto/cmake)
[0.956s] -- Configuring done (0.9s)
[0.960s] -- Generating done (0.0s)
[0.961s] -- Build files have been written to: /home/blazar/rover_ws/build/control
[0.968s] Invoked command in '/home/blazar/rover_ws/build/control' returned '0': CMAKE_PREFIX_PATH=${CMAKE_PREFIX_PATH}:/home/blazar/workspace/rockytimes_ws/install/localisation:/opt/ros/jazzy DEBUGINFOD_URLS=https://debuginfod.ubuntu.com PS1=(karin_ws) (karin_ws) (karin_ws) (karin_ws) (karin_ws) (karin_ws) VIRTUAL_ENV_PROMPT=(karin_ws) /usr/bin/cmake /home/blazar/rover_ws/src/control -DAMENT_CMAKE_SYMLINK_INSTALL=1 -DCMAKE_INSTALL_PREFIX=/home/blazar/rover_ws/install/control
[0.969s] Invoking command in '/home/blazar/rover_ws/build/control': CMAKE_PREFIX_PATH=${CMAKE_PREFIX_PATH}:/home/blazar/workspace/rockytimes_ws/install/localisation:/opt/ros/jazzy DEBUGINFOD_URLS=https://debuginfod.ubuntu.com PS1=(karin_ws) (karin_ws) (karin_ws) (karin_ws) (karin_ws) (karin_ws) VIRTUAL_ENV_PROMPT=(karin_ws) /usr/bin/cmake --build /home/blazar/rover_ws/build/control -- -j16 -l16
[1.003s] Invoked command in '/home/blazar/rover_ws/build/control' returned '0': CMAKE_PREFIX_PATH=${CMAKE_PREFIX_PATH}:/home/blazar/workspace/rockytimes_ws/install/localisation:/opt/ros/jazzy DEBUGINFOD_URLS=https://debuginfod.ubuntu.com PS1=(karin_ws) (karin_ws) (karin_ws) (karin_ws) (karin_ws) (karin_ws) VIRTUAL_ENV_PROMPT=(karin_ws) /usr/bin/cmake --build /home/blazar/rover_ws/build/control -- -j16 -l16
[1.011s] Invoking command in '/home/blazar/rover_ws/build/control': CMAKE_PREFIX_PATH=${CMAKE_PREFIX_PATH}:/home/blazar/workspace/rockytimes_ws/install/localisation:/opt/ros/jazzy DEBUGINFOD_URLS=https://debuginfod.ubuntu.com PS1=(karin_ws) (karin_ws) (karin_ws) (karin_ws) (karin_ws) (karin_ws) VIRTUAL_ENV_PROMPT=(karin_ws) /usr/bin/cmake --install /home/blazar/rover_ws/build/control
[1.018s] -- Install configuration: ""
[1.018s] -- Execute custom install script
[1.018s] -- Up-to-date symlink: /home/blazar/rover_ws/install/control/lib/control/position_controller.py
[1.018s] -- Up-to-date symlink: /home/blazar/rover_ws/install/control/lib/control/field.py
[1.019s] -- Up-to-date symlink: /home/blazar/rover_ws/install/control/lib/control/teleop.py
[1.019s] -- Up-to-date symlink: /home/blazar/rover_ws/install/control/lib/control/rover_pos_feedback.py
[1.019s] -- Up-to-date symlink: /home/blazar/rover_ws/install/control/lib/control/rover_monitor.py
[1.019s] -- Up-to-date symlink: /home/blazar/rover_ws/install/control/lib/control/temp_query.py
[1.019s] -- Up-to-date symlink: /home/blazar/rover_ws/install/control/share/control//launch/rover_bringup.launch.py
[1.019s] -- Up-to-date symlink: /home/blazar/rover_ws/install/control/share/control//config/rover_viz.rviz
[1.019s] -- Up-to-date symlink: /home/blazar/rover_ws/install/control/share/control//urdf/r1_rover.urdf
[1.019s] -- Up-to-date symlink: /home/blazar/rover_ws/install/control/share/ament_index/resource_index/package_run_dependencies/control
[1.019s] -- Up-to-date symlink: /home/blazar/rover_ws/install/control/share/ament_index/resource_index/parent_prefix_path/control
[1.019s] -- Up-to-date symlink: /home/blazar/rover_ws/install/control/share/control/environment/ament_prefix_path.sh
[1.020s] -- Up-to-date symlink: /home/blazar/rover_ws/install/control/share/control/environment/ament_prefix_path.dsv
[1.020s] -- Up-to-date symlink: /home/blazar/rover_ws/install/control/share/control/environment/path.sh
[1.020s] -- Up-to-date symlink: /home/blazar/rover_ws/install/control/share/control/environment/path.dsv
[1.020s] -- Up-to-date symlink: /home/blazar/rover_ws/install/control/share/control/local_setup.bash
[1.020s] -- Up-to-date symlink: /home/blazar/rover_ws/install/control/share/control/local_setup.sh
[1.020s] -- Up-to-date symlink: /home/blazar/rover_ws/install/control/share/control/local_setup.zsh
[1.020s] -- Up-to-date symlink: /home/blazar/rover_ws/install/control/share/control/local_setup.dsv
[1.020s] -- Symlinking: /home/blazar/rover_ws/install/control/share/control/package.dsv
[1.028s] -- Up-to-date symlink: /home/blazar/rover_ws/install/control/share/ament_index/resource_index/packages/control
[1.028s] -- Up-to-date symlink: /home/blazar/rover_ws/install/control/share/control/cmake/controlConfig.cmake
[1.028s] -- Up-to-date symlink: /home/blazar/rover_ws/install/control/share/control/cmake/controlConfig-version.cmake
[1.028s] -- Up-to-date symlink: /home/blazar/rover_ws/install/control/share/control/package.xml
[1.029s] Invoked command in '/home/blazar/rover_ws/build/control' returned '0': CMAKE_PREFIX_PATH=${CMAKE_PREFIX_PATH}:/home/blazar/workspace/rockytimes_ws/install/localisation:/opt/ros/jazzy DEBUGINFOD_URLS=https://debuginfod.ubuntu.com PS1=(karin_ws) (karin_ws) (karin_ws) (karin_ws) (karin_ws) (karin_ws) VIRTUAL_ENV_PROMPT=(karin_ws) /usr/bin/cmake --install /home/blazar/rover_ws/build/control
